<?xml version="1.0" encoding="UTF-8"?>
<!-- Generated by org.testng.reporters.JUnitReportReporter -->
<testsuite name="co.edu.uelbosque.essatueb.sortbigfiles.MainTest" tests="3" time="0.019" ignored="0" failures="0" timestamp="15 mar 2017 23:35:21 GMT" skipped="0" hostname="AL197015" errors="0">
  <testcase name="shouldFireAnExeption" time="0.010" classname="co.edu.uelbosque.essatueb.sortbigfiles.MainTest"/>
  <testcase name="theFilePathShouldBeValidAndReadable" time="0.002" classname="co.edu.uelbosque.essatueb.sortbigfiles.MainTest"/>
  <testcase name="theFileDoesNotExist" time="0.007" classname="co.edu.uelbosque.essatueb.sortbigfiles.MainTest"/>
</testsuite> <!-- co.edu.uelbosque.essatueb.sortbigfiles.MainTest -->
