<?xml version="1.0" encoding="UTF-8"?>
<!-- Generated by org.testng.reporters.JUnitReportReporter -->
<testsuite name="co.edu.uelbosque.essatueb.sortbigfiles.SorterBigFileTemplateImplementationTesst" tests="2" time="0.015" ignored="0" failures="0" timestamp="16 mar 2017 00:26:57 GMT" skipped="0" hostname="AL197015" errors="0">
  <testcase name="shouldHasMoreLinesToReadFromBuffer" time="0.015" classname="co.edu.uelbosque.essatueb.sortbigfiles.SorterBigFileTemplateImplementationTesst"/>
  <testcase name="shouldReturnFirstTwoLines" time="0.000" classname="co.edu.uelbosque.essatueb.sortbigfiles.SorterBigFileTemplateImplementationTesst"/>
</testsuite> <!-- co.edu.uelbosque.essatueb.sortbigfiles.SorterBigFileTemplateImplementationTesst -->
